<?xml version="1.0" encoding="UTF-8"?><testsuite failures="2" name="cucumber.runtime.formatter.JUnitFormatter" skipped="1" tests="3" time="81.150864">
<testcase classname="glipEmailSignIn feature" name="Accept E911" time="18.430914">
<skipped><![CDATA[Given User has never closed E911 before.....................................pending
Given User get to E911 screen...............................................skipped
When <WelcomePage>User tap "Sign In to Glip" button.........................skipped
When User inputs Email "zoraandtest8@gmail.com" and Password "Test!123".....skipped
When <E911Page> User accept E911............................................skipped
Then User doesn't get alert.................................................skipped
]]></skipped>
</testcase>
<testcase classname="glipEmailSignIn feature" name="Sign In with Glip Email Account" time="1.436136">
<failure message="org.openqa.selenium.NoSuchElementException: An element could not be located on the page using the given search parameters. (WARNING: The server did not provide any stacktrace information)&#10;Command duration or timeout: 472 milliseconds&#10;For documentation on this error, please visit: http://seleniumhq.org/exceptions/no_such_element.html&#10;Build info: version: '3.4.0', revision: 'unknown', time: 'unknown'&#10;System info: host: 'LMXMN066.local', ip: 'fe80:0:0:0:8d5:52f8:1842:2c27%en0', os.name: 'Mac OS X', os.arch: 'x86_64', os.version: '10.12.6', java.version: '1.8.0_151'&#10;Driver info: io.appium.java_client.ios.IOSDriver&#10;Capabilities [{app=/Users/zora.zheng/Downloads/Glip.app, networkConnectionEnabled=false, databaseEnabled=false, deviceName=iPhone Simulator, platform=MAC, newCommandTimeout=30000, platformVersion=11.1, webStorageEnabled=false, locationContextEnabled=false, browserName=, takesScreenshot=true, javascriptEnabled=true, unicodeKeyboard=True, platformName=iOS, udid=B48D0FB9-6013-4A5F-8ED8-D2863FD9ACAE, resetKeyboard=True, autoAcceptAlerts=True}]&#10;Session ID: 40cacf58-3e78-48c9-8647-f18a2d055ac4&#10;*** Element info: {Using=id, value=UserNameTextField}&#10;&#9;at sun.reflect.NativeConstructorAccessorImpl.newInstance0(Native Method)&#10;&#9;at sun.reflect.NativeConstructorAccessorImpl.newInstance(NativeConstructorAccessorImpl.java:62)&#10;&#9;at sun.reflect.DelegatingConstructorAccessorImpl.newInstance(DelegatingConstructorAccessorImpl.java:45)&#10;&#9;at java.lang.reflect.Constructor.newInstance(Constructor.java:423)&#10;&#9;at org.openqa.selenium.remote.ErrorHandler.createThrowable(ErrorHandler.java:215)&#10;&#9;at org.openqa.selenium.remote.ErrorHandler.throwIfResponseFailed(ErrorHandler.java:167)&#10;&#9;at org.openqa.selenium.remote.RemoteWebDriver.execute(RemoteWebDriver.java:671)&#10;&#9;at io.appium.java_client.DefaultGenericMobileDriver.execute(DefaultGenericMobileDriver.java:42)&#10;&#9;at io.appium.java_client.AppiumDriver.execute(AppiumDriver.java:1)&#10;&#9;at io.appium.java_client.ios.IOSDriver.execute(IOSDriver.java:1)&#10;&#9;at org.openqa.selenium.remote.RemoteWebDriver.findElement(RemoteWebDriver.java:410)&#10;&#9;at io.appium.java_client.DefaultGenericMobileDriver.findElement(DefaultGenericMobileDriver.java:62)&#10;&#9;at io.appium.java_client.AppiumDriver.findElement(AppiumDriver.java:1)&#10;&#9;at io.appium.java_client.ios.IOSDriver.findElement(IOSDriver.java:1)&#10;&#9;at org.openqa.selenium.remote.RemoteWebDriver.findElementById(RemoteWebDriver.java:453)&#10;&#9;at io.appium.java_client.DefaultGenericMobileDriver.findElementById(DefaultGenericMobileDriver.java:70)&#10;&#9;at io.appium.java_client.AppiumDriver.findElementById(AppiumDriver.java:1)&#10;&#9;at io.appium.java_client.ios.IOSDriver.findElementById(IOSDriver.java:1)&#10;&#9;at org.openqa.selenium.By$ById.findElement(By.java:218)&#10;&#9;at org.openqa.selenium.remote.RemoteWebDriver.findElement(RemoteWebDriver.java:402)&#10;&#9;at io.appium.java_client.DefaultGenericMobileDriver.findElement(DefaultGenericMobileDriver.java:58)&#10;&#9;at io.appium.java_client.AppiumDriver.findElement(AppiumDriver.java:1)&#10;&#9;at io.appium.java_client.ios.IOSDriver.findElement(IOSDriver.java:1)&#10;&#9;at org.openqa.selenium.support.pagefactory.DefaultElementLocator.findElement(DefaultElementLocator.java:69)&#10;&#9;at org.openqa.selenium.support.pagefactory.internal.LocatingElementHandler.invoke(LocatingElementHandler.java:38)&#10;&#9;at com.sun.proxy.$Proxy15.clear(Unknown Source)&#10;&#9;at com.glip.mobile.pages.SignInPage.glipEmailLogin(SignInPage.java:18)&#10;&#9;at GlipEmailSignInScripts.userInputsEmailAndPassword(GlipEmailSignInScripts.java:44)&#10;&#9;at ✽.When User inputs Email &quot;zoraandtest8@gmail.com&quot; and Password &quot;Test!123&quot;(glipEmailSignIn.feature:8)&#10;"><![CDATA[Given App isn't logged in...................................................passed
Given User has valid Email and Password.....................................passed
When <WelcomePage>User tap "Sign In to Glip" button.........................passed
When User inputs Email "zoraandtest8@gmail.com" and Password "Test!123".....failed
Then User can sign in app...................................................skipped

StackTrace:
org.openqa.selenium.NoSuchElementException: An element could not be located on the page using the given search parameters. (WARNING: The server did not provide any stacktrace information)
Command duration or timeout: 472 milliseconds
For documentation on this error, please visit: http://seleniumhq.org/exceptions/no_such_element.html
Build info: version: '3.4.0', revision: 'unknown', time: 'unknown'
System info: host: 'LMXMN066.local', ip: 'fe80:0:0:0:8d5:52f8:1842:2c27%en0', os.name: 'Mac OS X', os.arch: 'x86_64', os.version: '10.12.6', java.version: '1.8.0_151'
Driver info: io.appium.java_client.ios.IOSDriver
Capabilities [{app=/Users/zora.zheng/Downloads/Glip.app, networkConnectionEnabled=false, databaseEnabled=false, deviceName=iPhone Simulator, platform=MAC, newCommandTimeout=30000, platformVersion=11.1, webStorageEnabled=false, locationContextEnabled=false, browserName=, takesScreenshot=true, javascriptEnabled=true, unicodeKeyboard=True, platformName=iOS, udid=B48D0FB9-6013-4A5F-8ED8-D2863FD9ACAE, resetKeyboard=True, autoAcceptAlerts=True}]
Session ID: 40cacf58-3e78-48c9-8647-f18a2d055ac4
*** Element info: {Using=id, value=UserNameTextField}
	at sun.reflect.NativeConstructorAccessorImpl.newInstance0(Native Method)
	at sun.reflect.NativeConstructorAccessorImpl.newInstance(NativeConstructorAccessorImpl.java:62)
	at sun.reflect.DelegatingConstructorAccessorImpl.newInstance(DelegatingConstructorAccessorImpl.java:45)
	at java.lang.reflect.Constructor.newInstance(Constructor.java:423)
	at org.openqa.selenium.remote.ErrorHandler.createThrowable(ErrorHandler.java:215)
	at org.openqa.selenium.remote.ErrorHandler.throwIfResponseFailed(ErrorHandler.java:167)
	at org.openqa.selenium.remote.RemoteWebDriver.execute(RemoteWebDriver.java:671)
	at io.appium.java_client.DefaultGenericMobileDriver.execute(DefaultGenericMobileDriver.java:42)
	at io.appium.java_client.AppiumDriver.execute(AppiumDriver.java:1)
	at io.appium.java_client.ios.IOSDriver.execute(IOSDriver.java:1)
	at org.openqa.selenium.remote.RemoteWebDriver.findElement(RemoteWebDriver.java:410)
	at io.appium.java_client.DefaultGenericMobileDriver.findElement(DefaultGenericMobileDriver.java:62)
	at io.appium.java_client.AppiumDriver.findElement(AppiumDriver.java:1)
	at io.appium.java_client.ios.IOSDriver.findElement(IOSDriver.java:1)
	at org.openqa.selenium.remote.RemoteWebDriver.findElementById(RemoteWebDriver.java:453)
	at io.appium.java_client.DefaultGenericMobileDriver.findElementById(DefaultGenericMobileDriver.java:70)
	at io.appium.java_client.AppiumDriver.findElementById(AppiumDriver.java:1)
	at io.appium.java_client.ios.IOSDriver.findElementById(IOSDriver.java:1)
	at org.openqa.selenium.By$ById.findElement(By.java:218)
	at org.openqa.selenium.remote.RemoteWebDriver.findElement(RemoteWebDriver.java:402)
	at io.appium.java_client.DefaultGenericMobileDriver.findElement(DefaultGenericMobileDriver.java:58)
	at io.appium.java_client.AppiumDriver.findElement(AppiumDriver.java:1)
	at io.appium.java_client.ios.IOSDriver.findElement(IOSDriver.java:1)
	at org.openqa.selenium.support.pagefactory.DefaultElementLocator.findElement(DefaultElementLocator.java:69)
	at org.openqa.selenium.support.pagefactory.internal.LocatingElementHandler.invoke(LocatingElementHandler.java:38)
	at com.sun.proxy.$Proxy15.clear(Unknown Source)
	at com.glip.mobile.pages.SignInPage.glipEmailLogin(SignInPage.java:18)
	at GlipEmailSignInScripts.userInputsEmailAndPassword(GlipEmailSignInScripts.java:44)
	at ✽.When User inputs Email "zoraandtest8@gmail.com" and Password "Test!123"(glipEmailSignIn.feature:8)
]]></failure>
</testcase>
<testcase classname="glipEmailSignIn feature" name="Accept E911" time="61.283814">
<failure message="org.openqa.selenium.TimeoutException: Expected condition failed: waiting for com.glip.mobile.pages.E911Page$2@4ef27d66 (tried for 60 second(s) with 500 MILLISECONDS interval)&#10;&#9;at com.glip.mobile.drivermanager.IOSDriverWait.timeoutException(IOSDriverWait.java:70)&#10;&#9;at org.openqa.selenium.support.ui.FluentWait.until(FluentWait.java:232)&#10;&#9;at com.glip.mobile.pages.E911Page.acceptE911(E911Page.java:54)&#10;&#9;at CloseE911Scripts.ePageUserAcceptE(CloseE911Scripts.java:45)&#10;&#9;at ✽.When &lt;E911Page&gt; User accept E911(glipEmailSignIn.feature:16)&#10;Caused by: org.openqa.selenium.NoSuchElementException: An element could not be located on the page using the given search parameters. (WARNING: The server did not provide any stacktrace information)&#10;Command duration or timeout: 435 milliseconds&#10;For documentation on this error, please visit: http://seleniumhq.org/exceptions/no_such_element.html&#10;Build info: version: '3.4.0', revision: 'unknown', time: 'unknown'&#10;System info: host: 'LMXMN066.local', ip: 'fe80:0:0:0:8d5:52f8:1842:2c27%en0', os.name: 'Mac OS X', os.arch: 'x86_64', os.version: '10.12.6', java.version: '1.8.0_151'&#10;Driver info: io.appium.java_client.ios.IOSDriver&#10;Capabilities [{app=/Users/zora.zheng/Downloads/Glip.app, networkConnectionEnabled=false, databaseEnabled=false, deviceName=iPhone Simulator, platform=MAC, newCommandTimeout=30000, platformVersion=11.1, webStorageEnabled=false, locationContextEnabled=false, browserName=, takesScreenshot=true, javascriptEnabled=true, unicodeKeyboard=True, platformName=iOS, udid=B48D0FB9-6013-4A5F-8ED8-D2863FD9ACAE, resetKeyboard=True, autoAcceptAlerts=True}]&#10;Session ID: 40cacf58-3e78-48c9-8647-f18a2d055ac4&#10;*** Element info: {Using=xpath, value=//XCUIElementTypeApplication[@name=&quot;Glip&quot;]/XCUIElementTypeWindow[1]/XCUIElementTypeOther/XCUIElementTypeOther/XCUIElementTypeOther/XCUIElementTypeOther/XCUIElementTypeOther[1]/XCUIElementTypeWebView/XCUIElementTypeOther/XCUIElementTypeOther/XCUIElementTypeOther/XCUIElementTypeOther/XCUIElementTypeOther}&#10;&#9;at sun.reflect.GeneratedConstructorAccessor11.newInstance(Unknown Source)&#10;&#9;at sun.reflect.DelegatingConstructorAccessorImpl.newInstance(DelegatingConstructorAccessorImpl.java:45)&#10;&#9;at java.lang.reflect.Constructor.newInstance(Constructor.java:423)&#10;&#9;at org.openqa.selenium.remote.ErrorHandler.createThrowable(ErrorHandler.java:215)&#10;&#9;at org.openqa.selenium.remote.ErrorHandler.throwIfResponseFailed(ErrorHandler.java:167)&#10;&#9;at org.openqa.selenium.remote.RemoteWebDriver.execute(RemoteWebDriver.java:671)&#10;&#9;at io.appium.java_client.DefaultGenericMobileDriver.execute(DefaultGenericMobileDriver.java:42)&#10;&#9;at io.appium.java_client.AppiumDriver.execute(AppiumDriver.java:1)&#10;&#9;at io.appium.java_client.ios.IOSDriver.execute(IOSDriver.java:1)&#10;&#9;at org.openqa.selenium.remote.RemoteWebDriver.findElement(RemoteWebDriver.java:410)&#10;&#9;at io.appium.java_client.DefaultGenericMobileDriver.findElement(DefaultGenericMobileDriver.java:62)&#10;&#9;at io.appium.java_client.AppiumDriver.findElement(AppiumDriver.java:1)&#10;&#9;at io.appium.java_client.ios.IOSDriver.findElement(IOSDriver.java:1)&#10;&#9;at org.openqa.selenium.remote.RemoteWebDriver.findElementByXPath(RemoteWebDriver.java:509)&#10;&#9;at io.appium.java_client.DefaultGenericMobileDriver.findElementByXPath(DefaultGenericMobileDriver.java:140)&#10;&#9;at io.appium.java_client.AppiumDriver.findElementByXPath(AppiumDriver.java:1)&#10;&#9;at io.appium.java_client.ios.IOSDriver.findElementByXPath(IOSDriver.java:1)&#10;&#9;at org.openqa.selenium.By$ByXPath.findElement(By.java:361)&#10;&#9;at org.openqa.selenium.remote.RemoteWebDriver.findElement(RemoteWebDriver.java:402)&#10;&#9;at io.appium.java_client.DefaultGenericMobileDriver.findElement(DefaultGenericMobileDriver.java:58)&#10;&#9;at io.appium.java_client.AppiumDriver.findElement(AppiumDriver.java:1)&#10;&#9;at io.appium.java_client.ios.IOSDriver.findElement(IOSDriver.java:1)&#10;&#9;at com.glip.mobile.pages.E911Page$2.apply(E911Page.java:58)&#10;&#9;at com.glip.mobile.pages.E911Page$2.apply(E911Page.java:54)&#10;&#9;at org.openqa.selenium.support.ui.FluentWait.until(FluentWait.java:209)&#10;&#9;at com.glip.mobile.pages.E911Page.acceptE911(E911Page.java:54)&#10;&#9;at CloseE911Scripts.ePageUserAcceptE(CloseE911Scripts.java:45)&#10;&#9;at sun.reflect.NativeMethodAccessorImpl.invoke0(Native Method)&#10;&#9;at sun.reflect.NativeMethodAccessorImpl.invoke(NativeMethodAccessorImpl.java:62)&#10;&#9;at sun.reflect.DelegatingMethodAccessorImpl.invoke(DelegatingMethodAccessorImpl.java:43)&#10;&#9;at java.lang.reflect.Method.invoke(Method.java:498)&#10;&#9;at cucumber.runtime.Utils$1.call(Utils.java:40)&#10;&#9;at cucumber.runtime.Timeout.timeout(Timeout.java:16)&#10;&#9;at cucumber.runtime.Utils.invoke(Utils.java:34)&#10;&#9;at cucumber.runtime.java.JavaStepDefinition.execute(JavaStepDefinition.java:38)&#10;&#9;at cucumber.runtime.StepDefinitionMatch.runStep(StepDefinitionMatch.java:37)&#10;&#9;at cucumber.runtime.Runtime.runStep(Runtime.java:300)&#10;&#9;at cucumber.runtime.model.StepContainer.runStep(StepContainer.java:44)&#10;&#9;at cucumber.runtime.model.StepContainer.runSteps(StepContainer.java:39)&#10;&#9;at cucumber.runtime.model.CucumberScenario.run(CucumberScenario.java:44)&#10;&#9;at cucumber.runtime.junit.ExecutionUnitRunner.run(ExecutionUnitRunner.java:102)&#10;&#9;at cucumber.runtime.junit.FeatureRunner.runChild(FeatureRunner.java:63)&#10;&#9;at cucumber.runtime.junit.FeatureRunner.runChild(FeatureRunner.java:18)&#10;&#9;at org.junit.runners.ParentRunner$3.run(ParentRunner.java:290)&#10;&#9;at org.junit.runners.ParentRunner$1.schedule(ParentRunner.java:71)&#10;&#9;at org.junit.runners.ParentRunner.runChildren(ParentRunner.java:288)&#10;&#9;at org.junit.runners.ParentRunner.access$000(ParentRunner.java:58)&#10;&#9;at org.junit.runners.ParentRunner$2.evaluate(ParentRunner.java:268)&#10;&#9;at org.junit.runners.ParentRunner.run(ParentRunner.java:363)&#10;&#9;at cucumber.runtime.junit.FeatureRunner.run(FeatureRunner.java:70)&#10;&#9;at cucumber.api.junit.Cucumber.runChild(Cucumber.java:95)&#10;&#9;at cucumber.api.junit.Cucumber.runChild(Cucumber.java:38)&#10;&#9;at org.junit.runners.ParentRunner$3.run(ParentRunner.java:290)&#10;&#9;at org.junit.runners.ParentRunner$1.schedule(ParentRunner.java:71)&#10;&#9;at org.junit.runners.ParentRunner.runChildren(ParentRunner.java:288)&#10;&#9;at org.junit.runners.ParentRunner.access$000(ParentRunner.java:58)&#10;&#9;at org.junit.runners.ParentRunner$2.evaluate(ParentRunner.java:268)&#10;&#9;at org.junit.runners.ParentRunner.run(ParentRunner.java:363)&#10;&#9;at cucumber.api.junit.Cucumber.run(Cucumber.java:100)&#10;&#9;at org.junit.runner.JUnitCore.run(JUnitCore.java:137)&#10;&#9;at com.intellij.junit4.JUnit4IdeaTestRunner.startRunnerWithArgs(JUnit4IdeaTestRunner.java:68)&#10;&#9;at com.intellij.rt.execution.junit.IdeaTestRunner$Repeater.startRunnerWithArgs(IdeaTestRunner.java:47)&#10;&#9;at com.intellij.rt.execution.junit.JUnitStarter.prepareStreamsAndStart(JUnitStarter.java:242)&#10;&#9;at com.intellij.rt.execution.junit.JUnitStarter.main(JUnitStarter.java:70)&#10;"><![CDATA[Given User get to E911 screen...............................................passed
When <E911Page> User accept E911............................................failed
Then User doesn't get alert.................................................skipped

StackTrace:
org.openqa.selenium.TimeoutException: Expected condition failed: waiting for com.glip.mobile.pages.E911Page$2@4ef27d66 (tried for 60 second(s) with 500 MILLISECONDS interval)
	at com.glip.mobile.drivermanager.IOSDriverWait.timeoutException(IOSDriverWait.java:70)
	at org.openqa.selenium.support.ui.FluentWait.until(FluentWait.java:232)
	at com.glip.mobile.pages.E911Page.acceptE911(E911Page.java:54)
	at CloseE911Scripts.ePageUserAcceptE(CloseE911Scripts.java:45)
	at ✽.When <E911Page> User accept E911(glipEmailSignIn.feature:16)
Caused by: org.openqa.selenium.NoSuchElementException: An element could not be located on the page using the given search parameters. (WARNING: The server did not provide any stacktrace information)
Command duration or timeout: 435 milliseconds
For documentation on this error, please visit: http://seleniumhq.org/exceptions/no_such_element.html
Build info: version: '3.4.0', revision: 'unknown', time: 'unknown'
System info: host: 'LMXMN066.local', ip: 'fe80:0:0:0:8d5:52f8:1842:2c27%en0', os.name: 'Mac OS X', os.arch: 'x86_64', os.version: '10.12.6', java.version: '1.8.0_151'
Driver info: io.appium.java_client.ios.IOSDriver
Capabilities [{app=/Users/zora.zheng/Downloads/Glip.app, networkConnectionEnabled=false, databaseEnabled=false, deviceName=iPhone Simulator, platform=MAC, newCommandTimeout=30000, platformVersion=11.1, webStorageEnabled=false, locationContextEnabled=false, browserName=, takesScreenshot=true, javascriptEnabled=true, unicodeKeyboard=True, platformName=iOS, udid=B48D0FB9-6013-4A5F-8ED8-D2863FD9ACAE, resetKeyboard=True, autoAcceptAlerts=True}]
Session ID: 40cacf58-3e78-48c9-8647-f18a2d055ac4
*** Element info: {Using=xpath, value=//XCUIElementTypeApplication[@name="Glip"]/XCUIElementTypeWindow[1]/XCUIElementTypeOther/XCUIElementTypeOther/XCUIElementTypeOther/XCUIElementTypeOther/XCUIElementTypeOther[1]/XCUIElementTypeWebView/XCUIElementTypeOther/XCUIElementTypeOther/XCUIElementTypeOther/XCUIElementTypeOther/XCUIElementTypeOther}
	at sun.reflect.GeneratedConstructorAccessor11.newInstance(Unknown Source)
	at sun.reflect.DelegatingConstructorAccessorImpl.newInstance(DelegatingConstructorAccessorImpl.java:45)
	at java.lang.reflect.Constructor.newInstance(Constructor.java:423)
	at org.openqa.selenium.remote.ErrorHandler.createThrowable(ErrorHandler.java:215)
	at org.openqa.selenium.remote.ErrorHandler.throwIfResponseFailed(ErrorHandler.java:167)
	at org.openqa.selenium.remote.RemoteWebDriver.execute(RemoteWebDriver.java:671)
	at io.appium.java_client.DefaultGenericMobileDriver.execute(DefaultGenericMobileDriver.java:42)
	at io.appium.java_client.AppiumDriver.execute(AppiumDriver.java:1)
	at io.appium.java_client.ios.IOSDriver.execute(IOSDriver.java:1)
	at org.openqa.selenium.remote.RemoteWebDriver.findElement(RemoteWebDriver.java:410)
	at io.appium.java_client.DefaultGenericMobileDriver.findElement(DefaultGenericMobileDriver.java:62)
	at io.appium.java_client.AppiumDriver.findElement(AppiumDriver.java:1)
	at io.appium.java_client.ios.IOSDriver.findElement(IOSDriver.java:1)
	at org.openqa.selenium.remote.RemoteWebDriver.findElementByXPath(RemoteWebDriver.java:509)
	at io.appium.java_client.DefaultGenericMobileDriver.findElementByXPath(DefaultGenericMobileDriver.java:140)
	at io.appium.java_client.AppiumDriver.findElementByXPath(AppiumDriver.java:1)
	at io.appium.java_client.ios.IOSDriver.findElementByXPath(IOSDriver.java:1)
	at org.openqa.selenium.By$ByXPath.findElement(By.java:361)
	at org.openqa.selenium.remote.RemoteWebDriver.findElement(RemoteWebDriver.java:402)
	at io.appium.java_client.DefaultGenericMobileDriver.findElement(DefaultGenericMobileDriver.java:58)
	at io.appium.java_client.AppiumDriver.findElement(AppiumDriver.java:1)
	at io.appium.java_client.ios.IOSDriver.findElement(IOSDriver.java:1)
	at com.glip.mobile.pages.E911Page$2.apply(E911Page.java:58)
	at com.glip.mobile.pages.E911Page$2.apply(E911Page.java:54)
	at org.openqa.selenium.support.ui.FluentWait.until(FluentWait.java:209)
	at com.glip.mobile.pages.E911Page.acceptE911(E911Page.java:54)
	at CloseE911Scripts.ePageUserAcceptE(CloseE911Scripts.java:45)
	at sun.reflect.NativeMethodAccessorImpl.invoke0(Native Method)
	at sun.reflect.NativeMethodAccessorImpl.invoke(NativeMethodAccessorImpl.java:62)
	at sun.reflect.DelegatingMethodAccessorImpl.invoke(DelegatingMethodAccessorImpl.java:43)
	at java.lang.reflect.Method.invoke(Method.java:498)
	at cucumber.runtime.Utils$1.call(Utils.java:40)
	at cucumber.runtime.Timeout.timeout(Timeout.java:16)
	at cucumber.runtime.Utils.invoke(Utils.java:34)
	at cucumber.runtime.java.JavaStepDefinition.execute(JavaStepDefinition.java:38)
	at cucumber.runtime.StepDefinitionMatch.runStep(StepDefinitionMatch.java:37)
	at cucumber.runtime.Runtime.runStep(Runtime.java:300)
	at cucumber.runtime.model.StepContainer.runStep(StepContainer.java:44)
	at cucumber.runtime.model.StepContainer.runSteps(StepContainer.java:39)
	at cucumber.runtime.model.CucumberScenario.run(CucumberScenario.java:44)
	at cucumber.runtime.junit.ExecutionUnitRunner.run(ExecutionUnitRunner.java:102)
	at cucumber.runtime.junit.FeatureRunner.runChild(FeatureRunner.java:63)
	at cucumber.runtime.junit.FeatureRunner.runChild(FeatureRunner.java:18)
	at org.junit.runners.ParentRunner$3.run(ParentRunner.java:290)
	at org.junit.runners.ParentRunner$1.schedule(ParentRunner.java:71)
	at org.junit.runners.ParentRunner.runChildren(ParentRunner.java:288)
	at org.junit.runners.ParentRunner.access$000(ParentRunner.java:58)
	at org.junit.runners.ParentRunner$2.evaluate(ParentRunner.java:268)
	at org.junit.runners.ParentRunner.run(ParentRunner.java:363)
	at cucumber.runtime.junit.FeatureRunner.run(FeatureRunner.java:70)
	at cucumber.api.junit.Cucumber.runChild(Cucumber.java:95)
	at cucumber.api.junit.Cucumber.runChild(Cucumber.java:38)
	at org.junit.runners.ParentRunner$3.run(ParentRunner.java:290)
	at org.junit.runners.ParentRunner$1.schedule(ParentRunner.java:71)
	at org.junit.runners.ParentRunner.runChildren(ParentRunner.java:288)
	at org.junit.runners.ParentRunner.access$000(ParentRunner.java:58)
	at org.junit.runners.ParentRunner$2.evaluate(ParentRunner.java:268)
	at org.junit.runners.ParentRunner.run(ParentRunner.java:363)
	at cucumber.api.junit.Cucumber.run(Cucumber.java:100)
	at org.junit.runner.JUnitCore.run(JUnitCore.java:137)
	at com.intellij.junit4.JUnit4IdeaTestRunner.startRunnerWithArgs(JUnit4IdeaTestRunner.java:68)
	at com.intellij.rt.execution.junit.IdeaTestRunner$Repeater.startRunnerWithArgs(IdeaTestRunner.java:47)
	at com.intellij.rt.execution.junit.JUnitStarter.prepareStreamsAndStart(JUnitStarter.java:242)
	at com.intellij.rt.execution.junit.JUnitStarter.main(JUnitStarter.java:70)
]]></failure>
</testcase>
</testsuite>
